<?xml version="1.0" encoding="UTF-8"?>
<testsuite xmlns:xsi="http://www.w3.org/2001/XMLSchema-instance" xsi:noNamespaceSchemaLocation="https://maven.apache.org/surefire/maven-surefire-plugin/xsd/surefire-test-report.xsd" name="DemoTest" time="0.287" tests="8" errors="0" skipped="0" failures="0">
  <properties>
[...]
</properties>
  <testcase name="test" classname="DemoTest" time="0.002"/>
  <testcase name="test1" classname="DemoTest" time="0.001"/>
  <testcase name="test2" classname="DemoTest" time="0.104"/>
  <testcase name="test4" classname="DemoTest" time="0.001"/>
  <testcase name="test5" classname="DemoTest" time="0"/>
  <testcase name="test6" classname="DemoTest" time="0"/>
  <testcase name="test7" classname="DemoTest" time="0"/>
  <testcase name="test8" classname="DemoTest" time="0.004"/>
</testsuite>